c:\users\umutu\masaüstü\haktançağrıkodat_snakegame\snakegame\x64\debug\vc143.pdb
c:\users\umutu\masaüstü\haktançağrıkodat_snakegame\snakegame\x64\debug\vc143.idb
c:\users\umutu\masaüstü\haktançağrıkodat_snakegame\snakegame\x64\debug\world.obj
c:\users\umutu\masaüstü\haktançağrıkodat_snakegame\snakegame\x64\debug\statemachine.obj
c:\users\umutu\masaüstü\haktançağrıkodat_snakegame\snakegame\x64\debug\statebase.obj
c:\users\umutu\masaüstü\haktançağrıkodat_snakegame\snakegame\x64\debug\snakeobject.obj
c:\users\umutu\masaüstü\haktançağrıkodat_snakegame\snakegame\x64\debug\snakeinput.obj
c:\users\umutu\masaüstü\haktançağrıkodat_snakegame\snakegame\x64\debug\snakegraphics.obj
c:\users\umutu\masaüstü\haktançağrıkodat_snakegame\snakegame\x64\debug\snakegame.obj
c:\users\umutu\masaüstü\haktançağrıkodat_snakegame\snakegame\x64\debug\simpleaiagent.obj
c:\users\umutu\masaüstü\haktançağrıkodat_snakegame\snakegame\x64\debug\playeragent.obj
c:\users\umutu\masaüstü\haktançağrıkodat_snakegame\snakegame\x64\debug\multiplayermenustate.obj
c:\users\umutu\masaüstü\haktançağrıkodat_snakegame\snakegame\x64\debug\mainmenustate.obj
c:\users\umutu\masaüstü\haktançağrıkodat_snakegame\snakegame\x64\debug\ingamestate.obj
c:\users\umutu\masaüstü\haktançağrıkodat_snakegame\snakegame\x64\debug\gameoverstate.obj
c:\users\umutu\masaüstü\haktançağrıkodat_snakegame\snakegame\x64\debug\gameobject.obj
c:\users\umutu\masaüstü\haktançağrıkodat_snakegame\snakegame\x64\debug\game.obj
c:\users\umutu\masaüstü\haktançağrıkodat_snakegame\snakegame\x64\debug\baseagent.obj
c:\users\umutu\masaüstü\haktançağrıkodat_snakegame\snakegame\x64\debug\appleobject.obj
c:\users\umutu\masaüstü\haktançağrıkodat_snakegame\x64\debug\snakegame.exe
c:\users\umutu\masaüstü\haktançağrıkodat_snakegame\x64\debug\snakegame.pdb
c:\users\umutu\masaüstü\haktançağrıkodat_snakegame\snakegame\x64\debug\snakegame.ilk
c:\users\umutu\masaüstü\haktançağrıkodat_snakegame\snakegame\x64\debug\snakegame.tlog\cl.command.1.tlog
c:\users\umutu\masaüstü\haktançağrıkodat_snakegame\snakegame\x64\debug\snakegame.tlog\cl.items.tlog
c:\users\umutu\masaüstü\haktançağrıkodat_snakegame\snakegame\x64\debug\snakegame.tlog\cl.read.1.tlog
c:\users\umutu\masaüstü\haktançağrıkodat_snakegame\snakegame\x64\debug\snakegame.tlog\cl.write.1.tlog
c:\users\umutu\masaüstü\haktançağrıkodat_snakegame\snakegame\x64\debug\snakegame.tlog\link.command.1.tlog
c:\users\umutu\masaüstü\haktançağrıkodat_snakegame\snakegame\x64\debug\snakegame.tlog\link.read.1.tlog
c:\users\umutu\masaüstü\haktançağrıkodat_snakegame\snakegame\x64\debug\snakegame.tlog\link.secondary.1.tlog
c:\users\umutu\masaüstü\haktançağrıkodat_snakegame\snakegame\x64\debug\snakegame.tlog\link.write.1.tlog
